#! /usr/local/iverilog/bin/vvp
:ivl_version "11.0 (devel)" "(s20150603-642-g3bdb50da)";
:ivl_delay_selection "TYPICAL";
:vpi_time_precision + 0;
:vpi_module "system";
:vpi_module "vhdl_sys";
:vpi_module "vhdl_textio";
:vpi_module "v2005_math";
:vpi_module "va_math";
:vpi_module "v2009";
S_000000000121b5c0 .scope package, "$unit" "$unit" 2 1;
 .timescale 0 0;
S_000000000121bc90 .scope module, "testbench" "testbench" 3 1;
 .timescale 0 0;
v0000000000873170_0 .var "clk", 0 0;
v0000000000873210_0 .var "enabled", 0 0;
v00000000008732b0_0 .var "in_a", 11 0;
v0000000000873350_0 .var "load", 0 0;
v00000000008733f0_0 .net "out_a", 11 0, v0000000001216ba0_0;  1 drivers
v0000000000873490_0 .var "reset", 0 0;
S_000000000121be20 .scope module, "U1" "counter" 3 8, 4 1 0, S_000000000121bc90;
 .timescale 0 0;
    .port_info 0 /INPUT 1 "clk";
    .port_info 1 /INPUT 1 "enabled";
    .port_info 2 /INPUT 1 "reset";
    .port_info 3 /INPUT 1 "load";
    .port_info 4 /INPUT 12 "in_a";
    .port_info 5 /OUTPUT 12 "out_a";
v0000000001216920_0 .net "clk", 0 0, v0000000000873170_0;  1 drivers
v00000000012169c0_0 .net "enabled", 0 0, v0000000000873210_0;  1 drivers
v0000000001216a60_0 .net "in_a", 11 0, v00000000008732b0_0;  1 drivers
v0000000001216b00_0 .net "load", 0 0, v0000000000873350_0;  1 drivers
v0000000001216ba0_0 .var "out_a", 11 0;
v0000000001216c40_0 .net "reset", 0 0, v0000000000873490_0;  1 drivers
E_0000000001219a30 .event posedge, v0000000001216c40_0, v0000000001216920_0;
    .scope S_000000000121be20;
T_0 ;
    %wait E_0000000001219a30;
    %load/vec4 v0000000001216c40_0;
    %flag_set/vec4 8;
    %jmp/0xz  T_0.0, 8;
    %pushi/vec4 0, 0, 12;
    %assign/vec4 v0000000001216ba0_0, 0;
    %jmp T_0.1;
T_0.0 ;
    %load/vec4 v0000000001216b00_0;
    %flag_set/vec4 8;
    %jmp/0xz  T_0.2, 8;
    %load/vec4 v0000000001216a60_0;
    %assign/vec4 v0000000001216ba0_0, 0;
    %jmp T_0.3;
T_0.2 ;
    %load/vec4 v00000000012169c0_0;
    %flag_set/vec4 8;
    %jmp/0xz  T_0.4, 8;
    %load/vec4 v0000000001216ba0_0;
    %addi 1, 0, 12;
    %assign/vec4 v0000000001216ba0_0, 0;
T_0.4 ;
T_0.3 ;
T_0.1 ;
    %jmp T_0;
    .thread T_0;
    .scope S_000000000121bc90;
T_1 ;
    %delay 2, 0;
    %load/vec4 v0000000000873170_0;
    %inv;
    %store/vec4 v0000000000873170_0, 0, 1;
    %jmp T_1;
    .thread T_1;
    .scope S_000000000121bc90;
T_2 ;
    %pushi/vec4 0, 0, 1;
    %store/vec4 v0000000000873170_0, 0, 1;
    %pushi/vec4 0, 0, 1;
    %store/vec4 v0000000000873490_0, 0, 1;
    %pushi/vec4 0, 0, 1;
    %store/vec4 v0000000000873210_0, 0, 1;
    %pushi/vec4 0, 0, 12;
    %store/vec4 v00000000008732b0_0, 0, 12;
    %pushi/vec4 0, 0, 1;
    %store/vec4 v0000000000873350_0, 0, 1;
    %vpi_call/w 3 14 "$display", "clk\011enabled\011reset\011load\011in_a\011out_a" {0 0 0};
    %vpi_call/w 3 15 "$monitor", "%d\011%d\011%d\011%d\011%h\011%h\011", v0000000000873170_0, v0000000000873210_0, v0000000000873490_0, v0000000000873350_0, v00000000008732b0_0, v00000000008733f0_0 {0 0 0};
    %delay 4, 0;
    %pushi/vec4 1, 0, 1;
    %store/vec4 v0000000000873490_0, 0, 1;
    %delay 4, 0;
    %pushi/vec4 0, 0, 1;
    %store/vec4 v0000000000873490_0, 0, 1;
    %delay 4, 0;
    %pushi/vec4 1, 0, 1;
    %store/vec4 v0000000000873170_0, 0, 1;
    %delay 4, 0;
    %pushi/vec4 1, 0, 1;
    %store/vec4 v0000000000873170_0, 0, 1;
    %delay 4, 0;
    %pushi/vec4 1, 0, 1;
    %store/vec4 v0000000000873170_0, 0, 1;
    %delay 1, 0;
    %pushi/vec4 1, 0, 1;
    %store/vec4 v0000000000873210_0, 0, 1;
    %delay 4, 0;
    %pushi/vec4 1, 0, 1;
    %store/vec4 v0000000000873170_0, 0, 1;
    %delay 4, 0;
    %pushi/vec4 1, 0, 1;
    %store/vec4 v0000000000873170_0, 0, 1;
    %delay 4, 0;
    %pushi/vec4 1, 0, 1;
    %store/vec4 v0000000000873170_0, 0, 1;
    %delay 4, 0;
    %pushi/vec4 1, 0, 1;
    %store/vec4 v0000000000873170_0, 0, 1;
    %delay 4, 0;
    %pushi/vec4 1, 0, 1;
    %store/vec4 v0000000000873170_0, 0, 1;
    %delay 1, 0;
    %pushi/vec4 0, 0, 1;
    %store/vec4 v0000000000873210_0, 0, 1;
    %delay 1, 0;
    %pushi/vec4 0, 0, 12;
    %store/vec4 v00000000008732b0_0, 0, 12;
    %delay 2, 0;
    %pushi/vec4 1, 0, 1;
    %store/vec4 v0000000000873350_0, 0, 1;
    %delay 2, 0;
    %pushi/vec4 0, 0, 1;
    %store/vec4 v0000000000873350_0, 0, 1;
    %delay 4, 0;
    %pushi/vec4 1, 0, 1;
    %store/vec4 v0000000000873170_0, 0, 1;
    %delay 4, 0;
    %pushi/vec4 1, 0, 1;
    %store/vec4 v0000000000873170_0, 0, 1;
    %delay 1, 0;
    %pushi/vec4 1, 0, 1;
    %store/vec4 v0000000000873210_0, 0, 1;
    %delay 4, 0;
    %pushi/vec4 1, 0, 1;
    %store/vec4 v0000000000873170_0, 0, 1;
    %delay 4, 0;
    %pushi/vec4 1, 0, 1;
    %store/vec4 v0000000000873170_0, 0, 1;
    %delay 4, 0;
    %pushi/vec4 1, 0, 1;
    %store/vec4 v0000000000873170_0, 0, 1;
    %delay 4, 0;
    %pushi/vec4 1, 0, 1;
    %store/vec4 v0000000000873170_0, 0, 1;
    %end;
    .thread T_2;
    .scope S_000000000121bc90;
T_3 ;
    %delay 100, 0;
    %vpi_call/w 3 40 "$finish" {0 0 0};
    %end;
    .thread T_3;
    .scope S_000000000121bc90;
T_4 ;
    %vpi_call/w 3 42 "$dumpfile", "counter_tb.vcd" {0 0 0};
    %vpi_call/w 3 43 "$dumpvars", 32'sb00000000000000000000000000000000, S_000000000121bc90 {0 0 0};
    %end;
    .thread T_4;
# The file index is used to find the file name in the following table.
:file_names 5;
    "N/A";
    "<interactive>";
    "-";
    "contador_tb.v";
    "contador.v";
