#! /usr/local/iverilog/bin/vvp
:ivl_version "11.0 (devel)" "(s20150603-642-g3bdb50da)";
:ivl_delay_selection "TYPICAL";
:vpi_time_precision + 0;
:vpi_module "system";
:vpi_module "vhdl_sys";
:vpi_module "vhdl_textio";
:vpi_module "v2005_math";
:vpi_module "va_math";
:vpi_module "v2009";
S_0000000000f45030 .scope package, "$unit" "$unit" 2 1;
 .timescale 0 0;
S_0000000000f451c0 .scope module, "testbench" "testbench" 3 1;
 .timescale 0 0;
v000000000109d580_0 .var "A", 11 0;
v000000000109d800_0 .net "B", 7 0, L_0000000000f351f0;  1 drivers
S_000000000109e060 .scope module, "U1" "ROM" 3 4, 4 1 0, S_0000000000f451c0;
 .timescale 0 0;
    .port_info 0 /INPUT 12 "A";
    .port_info 1 /OUTPUT 8 "B";
L_0000000000f351f0 .functor BUFZ 8, L_000000000109dda0, C4<00000000>, C4<00000000>, C4<00000000>;
v000000000109d620_0 .net "A", 11 0, v000000000109d580_0;  1 drivers
v000000000109d120_0 .net "B", 7 0, L_0000000000f351f0;  alias, 1 drivers
v000000000109d4e0_0 .net *"_s0", 7 0, L_000000000109dda0;  1 drivers
v000000000109d6c0_0 .net *"_s2", 13 0, L_000000000109d1c0;  1 drivers
L_0000000000f8bc58 .functor BUFT 1, C4<00>, C4<0>, C4<0>, C4<0>;
v000000000109d760_0 .net *"_s5", 1 0, L_0000000000f8bc58;  1 drivers
v000000000109da80 .array "memory", 4095 0, 7 0;
L_000000000109dda0 .array/port v000000000109da80, L_000000000109d1c0;
L_000000000109d1c0 .concat [ 12 2 0 0], v000000000109d580_0, L_0000000000f8bc58;
    .scope S_000000000109e060;
T_0 ;
    %pushi/vec4 90, 0, 8;
    %ix/load 4, 0, 0;
    %flag_set/imm 4, 0;
    %store/vec4a v000000000109da80, 4, 0;
    %pushi/vec4 51, 0, 8;
    %ix/load 4, 1, 0;
    %flag_set/imm 4, 0;
    %store/vec4a v000000000109da80, 4, 0;
    %pushi/vec4 250, 0, 8;
    %ix/load 4, 2, 0;
    %flag_set/imm 4, 0;
    %store/vec4a v000000000109da80, 4, 0;
    %pushi/vec4 20, 0, 8;
    %ix/load 4, 3, 0;
    %flag_set/imm 4, 0;
    %store/vec4a v000000000109da80, 4, 0;
    %pushi/vec4 199, 0, 8;
    %ix/load 4, 4, 0;
    %flag_set/imm 4, 0;
    %store/vec4a v000000000109da80, 4, 0;
    %pushi/vec4 142, 0, 8;
    %ix/load 4, 5, 0;
    %flag_set/imm 4, 0;
    %store/vec4a v000000000109da80, 4, 0;
    %pushi/vec4 225, 0, 8;
    %ix/load 4, 6, 0;
    %flag_set/imm 4, 0;
    %store/vec4a v000000000109da80, 4, 0;
    %pushi/vec4 90, 0, 8;
    %ix/load 4, 7, 0;
    %flag_set/imm 4, 0;
    %store/vec4a v000000000109da80, 4, 0;
    %end;
    .thread T_0;
    .scope S_000000000109e060;
T_1 ;
    %vpi_call/w 4 18 "$readmemb", "Rom_memory.list", v000000000109da80 {0 0 0};
    %end;
    .thread T_1;
    .scope S_0000000000f451c0;
T_2 ;
    %pushi/vec4 0, 0, 12;
    %store/vec4 v000000000109d580_0, 0, 12;
    %vpi_call/w 3 7 "$display", "A\011B\011" {0 0 0};
    %vpi_call/w 3 8 "$monitor", "%d\011%h", v000000000109d580_0, v000000000109d800_0 {0 0 0};
    %delay 1, 0;
    %pushi/vec4 1, 0, 12;
    %store/vec4 v000000000109d580_0, 0, 12;
    %delay 1, 0;
    %pushi/vec4 2, 0, 12;
    %store/vec4 v000000000109d580_0, 0, 12;
    %delay 1, 0;
    %pushi/vec4 3, 0, 12;
    %store/vec4 v000000000109d580_0, 0, 12;
    %delay 1, 0;
    %pushi/vec4 4, 0, 12;
    %store/vec4 v000000000109d580_0, 0, 12;
    %delay 1, 0;
    %pushi/vec4 5, 0, 12;
    %store/vec4 v000000000109d580_0, 0, 12;
    %delay 1, 0;
    %pushi/vec4 6, 0, 12;
    %store/vec4 v000000000109d580_0, 0, 12;
    %delay 1, 0;
    %pushi/vec4 7, 0, 12;
    %store/vec4 v000000000109d580_0, 0, 12;
    %end;
    .thread T_2;
# The file index is used to find the file name in the following table.
:file_names 5;
    "N/A";
    "<interactive>";
    "-";
    "Rom_tb.v";
    "Rom.v";
