#! /usr/local/iverilog/bin/vvp
:ivl_version "11.0 (devel)" "(s20150603-642-g3bdb50da)";
:ivl_delay_selection "TYPICAL";
:vpi_time_precision + 0;
:vpi_module "system";
:vpi_module "vhdl_sys";
:vpi_module "vhdl_textio";
:vpi_module "v2005_math";
:vpi_module "va_math";
:vpi_module "v2009";
S_00000000009dddf0 .scope package, "$unit" "$unit" 2 1;
 .timescale 0 0;
S_0000000000864240 .scope module, "testbench" "testbench" 3 1;
 .timescale 0 0;
v00000000008721d0_0 .var "A", 3 0;
v0000000000872310_0 .net "A_out", 0 0, L_0000000000872810;  1 drivers
v00000000008724f0_0 .var "K", 3 0;
v0000000000871f50_0 .var "T", 3 0;
v0000000000871c30_0 .net "V", 0 0, L_00000000008723b0;  1 drivers
v0000000000872770_0 .net "Y", 3 0, L_0000000000871ff0;  1 drivers
S_00000000009daa90 .scope module, "U1" "Alu" 3 8, 4 1 0, S_0000000000864240;
 .timescale 0 0;
    .port_info 0 /INPUT 4 "K";
    .port_info 1 /INPUT 4 "A";
    .port_info 2 /INPUT 4 "T";
    .port_info 3 /OUTPUT 4 "Y";
    .port_info 4 /OUTPUT 1 "V";
    .port_info 5 /OUTPUT 1 "A_out";
v00000000009dac20_0 .net "A", 3 0, v0000000000871f50_0;  1 drivers
v00000000009dad20_0 .net "A_out", 0 0, L_0000000000872810;  alias, 1 drivers
v00000000009de030_0 .net "K", 3 0, v00000000008721d0_0;  1 drivers
v00000000009de0d0_0 .net "T", 3 0, v00000000008724f0_0;  1 drivers
v00000000009de170_0 .net "V", 0 0, L_00000000008723b0;  alias, 1 drivers
v00000000009de210_0 .net "Y", 3 0, L_0000000000871ff0;  alias, 1 drivers
L_00000000008cb070 .functor BUFT 1, C4<00000000000000000000000000000000>, C4<0>, C4<0>, C4<0>;
v0000000000871e10_0 .net/2u *"_s10", 31 0, L_00000000008cb070;  1 drivers
v0000000000871cd0_0 .net *"_s5", 3 0, L_0000000000872130;  1 drivers
v0000000000872450_0 .net *"_s6", 31 0, L_00000000008726d0;  1 drivers
L_00000000008cb028 .functor BUFT 1, C4<0000000000000000000000000000>, C4<0>, C4<0>, C4<0>;
v0000000000871eb0_0 .net *"_s9", 27 0, L_00000000008cb028;  1 drivers
v0000000000872630_0 .var "clo", 4 0;
E_0000000000865630 .event edge, v00000000009de030_0, v00000000009de0d0_0, v00000000009dac20_0;
L_0000000000871ff0 .part v0000000000872630_0, 0, 4;
L_0000000000872810 .part v0000000000872630_0, 4, 1;
L_0000000000872130 .part v0000000000872630_0, 0, 4;
L_00000000008726d0 .concat [ 4 28 0 0], L_0000000000872130, L_00000000008cb028;
L_00000000008723b0 .cmp/eq 32, L_00000000008726d0, L_00000000008cb070;
    .scope S_00000000009daa90;
T_0 ;
    %wait E_0000000000865630;
    %load/vec4 v00000000009dac20_0;
    %dup/vec4;
    %pushi/vec4 0, 0, 4;
    %cmp/u;
    %jmp/1 T_0.0, 6;
    %dup/vec4;
    %pushi/vec4 1, 0, 4;
    %cmp/u;
    %jmp/1 T_0.1, 6;
    %dup/vec4;
    %pushi/vec4 2, 0, 4;
    %cmp/u;
    %jmp/1 T_0.2, 6;
    %dup/vec4;
    %pushi/vec4 3, 0, 4;
    %cmp/u;
    %jmp/1 T_0.3, 6;
    %dup/vec4;
    %pushi/vec4 4, 0, 4;
    %cmp/u;
    %jmp/1 T_0.4, 6;
    %pushi/vec4 0, 0, 5;
    %store/vec4 v0000000000872630_0, 0, 5;
    %jmp T_0.6;
T_0.0 ;
    %load/vec4 v00000000009dac20_0;
    %pad/u 5;
    %store/vec4 v0000000000872630_0, 0, 5;
    %jmp T_0.6;
T_0.1 ;
    %load/vec4 v00000000009de0d0_0;
    %pad/u 5;
    %store/vec4 v0000000000872630_0, 0, 5;
    %jmp T_0.6;
T_0.2 ;
    %load/vec4 v00000000009dac20_0;
    %pad/u 5;
    %load/vec4 v00000000009de0d0_0;
    %pad/u 5;
    %add;
    %store/vec4 v0000000000872630_0, 0, 5;
    %jmp T_0.6;
T_0.3 ;
    %load/vec4 v00000000009dac20_0;
    %pad/u 5;
    %load/vec4 v00000000009de0d0_0;
    %pad/u 5;
    %sub;
    %store/vec4 v0000000000872630_0, 0, 5;
    %jmp T_0.6;
T_0.4 ;
    %load/vec4 v00000000009dac20_0;
    %pad/u 5;
    %load/vec4 v00000000009de0d0_0;
    %pad/u 5;
    %and;
    %inv;
    %store/vec4 v0000000000872630_0, 0, 5;
    %jmp T_0.6;
T_0.6 ;
    %pop/vec4 1;
    %jmp T_0;
    .thread T_0, $push;
    .scope S_0000000000864240;
T_1 ;
    %pushi/vec4 0, 0, 4;
    %store/vec4 v00000000008724f0_0, 0, 4;
    %pushi/vec4 0, 0, 4;
    %store/vec4 v00000000008721d0_0, 0, 4;
    %pushi/vec4 0, 0, 4;
    %store/vec4 v0000000000871f50_0, 0, 4;
    %vpi_call/w 3 11 "$display", "K\011A\011T\011Y\011V\011A_out" {0 0 0};
    %vpi_call/w 3 12 "$monitor", "%b\011%b\011%b\011%b\011%b\011", v00000000008724f0_0, v00000000008721d0_0, v0000000000871f50_0, v0000000000872770_0, v0000000000871c30_0, v0000000000872310_0 {0 0 0};
    %delay 1, 0;
    %pushi/vec4 2, 0, 4;
    %store/vec4 v00000000008721d0_0, 0, 4;
    %pushi/vec4 4, 0, 4;
    %store/vec4 v0000000000871f50_0, 0, 4;
    %pushi/vec4 0, 0, 4;
    %store/vec4 v00000000008724f0_0, 0, 4;
    %delay 1, 0;
    %pushi/vec4 2, 0, 4;
    %store/vec4 v00000000008721d0_0, 0, 4;
    %pushi/vec4 4, 0, 4;
    %store/vec4 v0000000000871f50_0, 0, 4;
    %pushi/vec4 1, 0, 4;
    %store/vec4 v00000000008724f0_0, 0, 4;
    %delay 1, 0;
    %pushi/vec4 2, 0, 4;
    %store/vec4 v00000000008721d0_0, 0, 4;
    %pushi/vec4 4, 0, 4;
    %store/vec4 v0000000000871f50_0, 0, 4;
    %pushi/vec4 2, 0, 4;
    %store/vec4 v00000000008721d0_0, 0, 4;
    %delay 1, 0;
    %pushi/vec4 8, 0, 4;
    %store/vec4 v00000000008721d0_0, 0, 4;
    %pushi/vec4 8, 0, 4;
    %store/vec4 v0000000000871f50_0, 0, 4;
    %pushi/vec4 2, 0, 4;
    %store/vec4 v00000000008721d0_0, 0, 4;
    %delay 1, 0;
    %pushi/vec4 4, 0, 4;
    %store/vec4 v00000000008721d0_0, 0, 4;
    %pushi/vec4 3, 0, 4;
    %store/vec4 v0000000000871f50_0, 0, 4;
    %pushi/vec4 3, 0, 4;
    %store/vec4 v00000000008724f0_0, 0, 4;
    %delay 1, 0;
    %pushi/vec4 4, 0, 4;
    %store/vec4 v00000000008721d0_0, 0, 4;
    %pushi/vec4 5, 0, 4;
    %store/vec4 v0000000000871f50_0, 0, 4;
    %pushi/vec4 3, 0, 4;
    %store/vec4 v00000000008724f0_0, 0, 4;
    %delay 1, 0;
    %pushi/vec4 4, 0, 4;
    %store/vec4 v00000000008721d0_0, 0, 4;
    %pushi/vec4 4, 0, 4;
    %store/vec4 v0000000000871f50_0, 0, 4;
    %pushi/vec4 3, 0, 4;
    %store/vec4 v00000000008724f0_0, 0, 4;
    %delay 1, 0;
    %pushi/vec4 3, 0, 4;
    %store/vec4 v00000000008721d0_0, 0, 4;
    %pushi/vec4 5, 0, 4;
    %store/vec4 v0000000000871f50_0, 0, 4;
    %pushi/vec4 4, 0, 4;
    %store/vec4 v00000000008724f0_0, 0, 4;
    %delay 1, 0;
    %vpi_call/w 3 24 "$finish" {0 0 0};
    %end;
    .thread T_1;
# The file index is used to find the file name in the following table.
:file_names 5;
    "N/A";
    "<interactive>";
    "-";
    "alu_tb.v";
    "alu.v";
